{"level":"info","message":"Search service running at port: 3000","service":"restaurant-chatbot","timestamp":"2026-06-17T18:28:45.745Z"}
{"level":"error","message":"Unhandled rejection at [object Promise] reason: MongooseError: The `uri` parameter to `openUri()` must be a string, got \"undefined\". Make sure the first parameter to `mongoose.connect()` or `mongoose.createConnection()` is a string.","service":"restaurant-chatbot","timestamp":"2026-06-17T18:28:45.749Z"}
{"level":"info","message":"Restaurant Chatbot running at port: 3000","service":"restaurant-chatbot","timestamp":"2026-06-17T18:29:43.147Z"}
{"level":"error","message":"Unhandled rejection at [object Promise] reason: MongooseError: The `uri` parameter to `openUri()` must be a string, got \"undefined\". Make sure the first parameter to `mongoose.connect()` or `mongoose.createConnection()` is a string.","service":"restaurant-chatbot","timestamp":"2026-06-17T18:29:43.152Z"}
{"level":"info","message":"Restaurant Chatbot running at port: 3000","service":"restaurant-chatbot","timestamp":"2026-06-17T18:30:40.726Z"}
{"level":"error","message":"Unhandled rejection at [object Promise] reason: MongooseError: The `uri` parameter to `openUri()` must be a string, got \"undefined\". Make sure the first parameter to `mongoose.connect()` or `mongoose.createConnection()` is a string.","service":"restaurant-chatbot","timestamp":"2026-06-17T18:30:40.730Z"}
{"level":"info","message":"Restaurant Chatbot running at port: 3000","service":"restaurant-chatbot","timestamp":"2026-06-17T18:34:14.934Z"}
{"level":"error","message":"Unhandled rejection at [object Promise] reason: MongooseError: The `uri` parameter to `openUri()` must be a string, got \"undefined\". Make sure the first parameter to `mongoose.connect()` or `mongoose.createConnection()` is a string.","service":"restaurant-chatbot","timestamp":"2026-06-17T18:34:14.938Z"}
{"level":"info","message":"Restaurant Chatbot running at port: 3000","service":"restaurant-chatbot","timestamp":"2026-06-17T18:41:41.685Z"}
{"level":"error","message":"Unhandled rejection at [object Promise] reason: MongooseError: The `uri` parameter to `openUri()` must be a string, got \"undefined\". Make sure the first parameter to `mongoose.connect()` or `mongoose.createConnection()` is a string.","service":"restaurant-chatbot","timestamp":"2026-06-17T18:41:41.689Z"}
{"level":"info","message":"Restaurant Chatbot running at port: 3000","service":"restaurant-chatbot","timestamp":"2026-06-17T18:44:26.224Z"}
{"level":"error","message":"Unhandled rejection at [object Promise] reason: MongooseError: The `uri` parameter to `openUri()` must be a string, got \"undefined\". Make sure the first parameter to `mongoose.connect()` or `mongoose.createConnection()` is a string.","service":"restaurant-chatbot","timestamp":"2026-06-17T18:44:26.227Z"}
{"level":"info","message":"Restaurant Chatbot running at port: 3000","service":"restaurant-chatbot","timestamp":"2026-06-17T18:48:07.045Z"}
{"level":"error","message":"Unhandled rejection at [object Promise] reason: MongooseError: The `uri` parameter to `openUri()` must be a string, got \"undefined\". Make sure the first parameter to `mongoose.connect()` or `mongoose.createConnection()` is a string.","service":"restaurant-chatbot","timestamp":"2026-06-17T18:48:07.049Z"}
{"level":"info","message":"Restaurant Chatbot running at port: 3000","service":"restaurant-chatbot","timestamp":"2026-06-17T18:51:16.241Z"}
{"level":"error","message":"Unhandled rejection at [object Promise] reason: MongooseError: The `uri` parameter to `openUri()` must be a string, got \"undefined\". Make sure the first parameter to `mongoose.connect()` or `mongoose.createConnection()` is a string.","service":"restaurant-chatbot","timestamp":"2026-06-17T18:51:16.245Z"}
{"level":"info","message":"Restaurant Chatbot running at port: 3000","service":"restaurant-chatbot","timestamp":"2026-06-17T18:51:50.015Z"}
{"level":"error","message":"Unhandled rejection at [object Promise] reason: MongooseError: The `uri` parameter to `openUri()` must be a string, got \"undefined\". Make sure the first parameter to `mongoose.connect()` or `mongoose.createConnection()` is a string.","service":"restaurant-chatbot","timestamp":"2026-06-17T18:51:50.018Z"}
{"level":"info","message":"Restaurant Chatbot running at port: 3000","service":"restaurant-chatbot","timestamp":"2026-06-17T18:53:02.187Z"}
{"level":"error","message":"Unhandled rejection at [object Promise] reason: MongooseError: The `uri` parameter to `openUri()` must be a string, got \"undefined\". Make sure the first parameter to `mongoose.connect()` or `mongoose.createConnection()` is a string.","service":"restaurant-chatbot","timestamp":"2026-06-17T18:53:02.192Z"}
{"level":"info","message":"Restaurant Chatbot running at port: 3000","service":"restaurant-chatbot","timestamp":"2026-06-17T18:53:35.074Z"}
{"level":"error","message":"Unhandled rejection at [object Promise] reason: MongooseError: The `uri` parameter to `openUri()` must be a string, got \"undefined\". Make sure the first parameter to `mongoose.connect()` or `mongoose.createConnection()` is a string.","service":"restaurant-chatbot","timestamp":"2026-06-17T18:53:35.078Z"}
{"level":"info","message":"Restaurant Chatbot running at port: 3000","service":"restaurant-chatbot","timestamp":"2026-06-17T19:04:36.690Z"}
{"level":"error","message":"Unhandled rejection at [object Promise] reason: MongooseError: The `uri` parameter to `openUri()` must be a string, got \"undefined\". Make sure the first parameter to `mongoose.connect()` or `mongoose.createConnection()` is a string.","service":"restaurant-chatbot","timestamp":"2026-06-17T19:04:36.707Z"}
{"level":"info","message":"Restaurant Chatbot running at port: 3000","service":"restaurant-chatbot","timestamp":"2026-06-17T19:06:01.027Z"}
{"level":"info","message":"MongoDB connected successfully","service":"restaurant-chatbot","timestamp":"2026-06-17T19:06:07.591Z"}
{"level":"info","message":"Received GET request to /health","service":"restaurant-chatbot","timestamp":"2026-06-17T19:09:29.389Z"}
{"level":"info","message":"Request body: [object Object]","service":"restaurant-chatbot","timestamp":"2026-06-17T19:09:29.391Z"}
{"level":"info","message":"MongoDB connected successfully","service":"restaurant-chatbot","timestamp":"2026-06-17T19:10:49.538Z"}
{"level":"info","message":"Restaurant Chatbot running at port: 3000","service":"restaurant-chatbot","timestamp":"2026-06-17T19:11:09.602Z"}
{"level":"info","message":"MongoDB connected successfully","service":"restaurant-chatbot","timestamp":"2026-06-17T19:11:12.982Z"}
{"level":"info","message":"Restaurant Chatbot running at port: 3000","service":"restaurant-chatbot","timestamp":"2026-06-17T19:12:47.171Z"}
{"level":"info","message":"Restaurant Chatbot running at port: 3000","service":"restaurant-chatbot","timestamp":"2026-06-17T19:12:55.412Z"}
{"level":"info","message":"Received POST request to /api/chat","service":"restaurant-chatbot","timestamp":"2026-06-17T19:13:34.217Z"}
{"level":"info","message":"Request body: [object Object]","service":"restaurant-chatbot","timestamp":"2026-06-17T19:13:34.220Z"}
{"level":"error","message":"Unhandled rejection at [object Promise] reason: Error: querySrv ETIMEOUT _mongodb._tcp.cluster0.md6oqwh.mongodb.net","service":"restaurant-chatbot","timestamp":"2026-06-17T19:13:43.824Z"}
{"level":"error","message":"MongooseError: Operation `users.findOne()` buffering timed out after 10000ms\n    at Timeout._onTimeout (C:\\Users\\user\\Documents\\Codes\\Altschool\\Assignments\\restaurant-backend\\node_modules\\mongoose\\lib\\drivers\\node-mongodb-native\\collection.js:142:25)\n    at listOnTimeout (node:internal/timers:605:17)\n    at process.processTimers (node:internal/timers:541:7)","service":"restaurant-chatbot","timestamp":"2026-06-17T19:13:44.261Z"}
{"level":"info","message":"Restaurant Chatbot running at port: 3000","service":"restaurant-chatbot","timestamp":"2026-06-17T19:14:07.815Z"}
{"level":"error","message":"Unhandled rejection at [object Promise] reason: Error: queryTxt ECONNREFUSED cluster0.md6oqwh.mongodb.net","service":"restaurant-chatbot","timestamp":"2026-06-17T19:14:18.884Z"}
{"level":"info","message":"Restaurant Chatbot running at port: 3000","service":"restaurant-chatbot","timestamp":"2026-06-17T19:27:47.743Z"}
{"level":"info","message":"MongoDB connected successfully","service":"restaurant-chatbot","timestamp":"2026-06-17T19:27:52.282Z"}
{"level":"info","message":"Received POST request to /api/chat","service":"restaurant-chatbot","timestamp":"2026-06-17T19:27:58.303Z"}
{"level":"info","message":"Request body: [object Object]","service":"restaurant-chatbot","timestamp":"2026-06-17T19:27:58.305Z"}
{"level":"info","message":"Received POST request to /api/chat","service":"restaurant-chatbot","timestamp":"2026-06-17T19:28:19.987Z"}
{"level":"info","message":"Request body: [object Object]","service":"restaurant-chatbot","timestamp":"2026-06-17T19:28:19.988Z"}
{"level":"info","message":"Received POST request to /api/chat","service":"restaurant-chatbot","timestamp":"2026-06-17T19:28:39.263Z"}
{"level":"info","message":"Request body: [object Object]","service":"restaurant-chatbot","timestamp":"2026-06-17T19:28:39.264Z"}
{"level":"info","message":"Restaurant Chatbot running at port: 3000","service":"restaurant-chatbot","timestamp":"2026-06-17T19:36:16.571Z"}
{"level":"info","message":"MongoDB connected successfully","service":"restaurant-chatbot","timestamp":"2026-06-17T19:36:20.340Z"}
{"level":"info","message":"Restaurant Chatbot running at port: 3000","service":"restaurant-chatbot","timestamp":"2026-06-17T19:38:07.324Z"}
{"level":"info","message":"MongoDB connected successfully","service":"restaurant-chatbot","timestamp":"2026-06-17T19:38:16.282Z"}
{"level":"info","message":"Restaurant Chatbot running at port: 3000","service":"restaurant-chatbot","timestamp":"2026-06-17T19:38:25.648Z"}
{"level":"info","message":"MongoDB connected successfully","service":"restaurant-chatbot","timestamp":"2026-06-17T19:38:28.422Z"}
{"level":"info","message":"Restaurant Chatbot running at port: 3000","service":"restaurant-chatbot","timestamp":"2026-06-17T19:38:47.235Z"}
{"level":"info","message":"MongoDB connected successfully","service":"restaurant-chatbot","timestamp":"2026-06-17T19:38:49.399Z"}
{"level":"info","message":"Received POST request to /api/chat/selectfood","service":"restaurant-chatbot","timestamp":"2026-06-17T19:38:56.703Z"}
{"level":"info","message":"Request body: [object Object]","service":"restaurant-chatbot","timestamp":"2026-06-17T19:38:56.703Z"}
{"level":"info","message":"Received POST request to /api/chat/","service":"restaurant-chatbot","timestamp":"2026-06-17T19:39:14.945Z"}
{"level":"info","message":"Request body: [object Object]","service":"restaurant-chatbot","timestamp":"2026-06-17T19:39:14.945Z"}
{"level":"info","message":"Received POST request to /api/chat/","service":"restaurant-chatbot","timestamp":"2026-06-17T19:39:38.109Z"}
{"level":"info","message":"Request body: [object Object]","service":"restaurant-chatbot","timestamp":"2026-06-17T19:39:38.109Z"}
